<?xml version="1.0" encoding="UTF-8"?>
<testng-results ignored="0" total="1" passed="1" failed="0" skipped="0">
  <reporter-output>
  </reporter-output>
  <suite started-at="2024-03-16T14:03:19 IST" name="Default suite" finished-at="2024-03-16T14:03:38 IST" duration-ms="19234">
    <groups>
    </groups>
    <test started-at="2024-03-16T14:03:19 IST" name="Default test" finished-at="2024-03-16T14:03:38 IST" duration-ms="19234">
      <class name="testClasses.LoginTest">
        <test-method signature="login()[pri:0, instance:testClasses.LoginTest@7b2bbc3]" started-at="2024-03-16T14:03:19 IST" name="login" finished-at="2024-03-16T14:03:38 IST" duration-ms="18928" status="PASS">
          <reporter-output>
          </reporter-output>
        </test-method> <!-- login -->
        <test-method is-config="true" signature="close()[pri:0, instance:testClasses.LoginTest@7b2bbc3]" started-at="2024-03-16T14:03:38 IST" name="close" finished-at="2024-03-16T14:03:38 IST" duration-ms="232" status="PASS">
          <reporter-output>
          </reporter-output>
        </test-method> <!-- close -->
      </class> <!-- testClasses.LoginTest -->
    </test> <!-- Default test -->
  </suite> <!-- Default suite -->
</testng-results>
